Using pre-set license
Built from '2022.3/staging' branch; Version is '2022.3.1f1 (f18e0c1b5784) revision 15830540'; Using compiler version '192829333'; Build Type 'Release'
OS: 'Windows 11  (10.0.22621) 64bit CoreSingleLanguage' Language: 'tr' Physical Memory: 7991 MB
BatchMode: 1, IsHumanControllingUs: 0, StartBugReporterOnCrash: 0, Is64bit: 1, IsPro: 1

COMMAND LINE ARGUMENTS:
C:\Program Files\Unity\Hub\Editor\2022.3.1f1\Editor\Unity.exe
-adb2
-batchMode
-noUpm
-name
AssetImportWorker2
-projectPath
C:/Users/sena-/OneDrive/Masaüstü/U-129/Unity-129
-logFile
Logs/AssetImportWorker2.log
-srvPort
51936
Successfully changed project path to: C:/Users/sena-/OneDrive/Masaüstü/U-129/Unity-129
C:/Users/sena-/OneDrive/Masaüstü/U-129/Unity-129
[UnityMemory] Configuration Parameters - Can be set up in boot.config
    "memorysetup-bucket-allocator-granularity=16"
    "memorysetup-bucket-allocator-bucket-count=8"
    "memorysetup-bucket-allocator-block-size=33554432"
    "memorysetup-bucket-allocator-block-count=8"
    "memorysetup-main-allocator-block-size=16777216"
    "memorysetup-thread-allocator-block-size=16777216"
    "memorysetup-gfx-main-allocator-block-size=16777216"
    "memorysetup-gfx-thread-allocator-block-size=16777216"
    "memorysetup-cache-allocator-block-size=4194304"
    "memorysetup-typetree-allocator-block-size=2097152"
    "memorysetup-profiler-bucket-allocator-granularity=16"
    "memorysetup-profiler-bucket-allocator-bucket-count=8"
    "memorysetup-profiler-bucket-allocator-block-size=33554432"
    "memorysetup-profiler-bucket-allocator-block-count=8"
    "memorysetup-profiler-allocator-block-size=16777216"
    "memorysetup-profiler-editor-allocator-block-size=1048576"
    "memorysetup-temp-allocator-size-main=16777216"
    "memorysetup-job-temp-allocator-block-size=2097152"
    "memorysetup-job-temp-allocator-block-size-background=1048576"
    "memorysetup-job-temp-allocator-reduction-small-platforms=262144"
    "memorysetup-allocator-temp-initial-block-size-main=262144"
    "memorysetup-allocator-temp-initial-block-size-worker=262144"
    "memorysetup-temp-allocator-size-background-worker=32768"
    "memorysetup-temp-allocator-size-job-worker=262144"
    "memorysetup-temp-allocator-size-preload-manager=33554432"
    "memorysetup-temp-allocator-size-nav-mesh-worker=65536"
    "memorysetup-temp-allocator-size-audio-worker=65536"
    "memorysetup-temp-allocator-size-cloud-worker=32768"
    "memorysetup-temp-allocator-size-gi-baking-worker=262144"
    "memorysetup-temp-allocator-size-gfx=262144"
Player connection [9524] Host "[IP] 192.168.1.107 [Port] 0 [Flags] 2 [Guid] 3608781389 [EditorId] 3608781389 [Version] 1048832 [Id] WindowsEditor(7,D15) [Debug] 1 [PackageName] WindowsEditor [ProjectName] Editor" joined multi-casting on [225.0.0.222:54997]...

Player connection [9524] Host "[IP] 192.168.1.107 [Port] 0 [Flags] 2 [Guid] 3608781389 [EditorId] 3608781389 [Version] 1048832 [Id] WindowsEditor(7,D15) [Debug] 1 [PackageName] WindowsEditor [ProjectName] Editor" joined alternative multi-casting on [225.0.0.222:34997]...

Refreshing native plugins compatible for Editor in 7.40 ms, found 3 plugins.
Preloading 0 native plugins for Editor in 0.00 ms.
Initialize engine version: 2022.3.1f1 (f18e0c1b5784)
[Subsystems] Discovering subsystems at path C:/Program Files/Unity/Hub/Editor/2022.3.1f1/Editor/Data/Resources/UnitySubsystems
[Subsystems] Discovering subsystems at path C:/Users/sena-/OneDrive/Masaüstü/U-129/Unity-129/Assets
GfxDevice: creating device client; threaded=0; jobified=0
Direct3D:
    Version:  Direct3D 11.0 [level 11.1]
    Renderer: Intel(R) Iris(R) Xe Graphics (ID=0x9a49)
    Vendor:   Intel
    VRAM:     3995 MB
    Driver:   31.0.101.4338
Initialize mono
Mono path[0] = 'C:/Program Files/Unity/Hub/Editor/2022.3.1f1/Editor/Data/Managed'
Mono path[1] = 'C:/Program Files/Unity/Hub/Editor/2022.3.1f1/Editor/Data/MonoBleedingEdge/lib/mono/unityjit-win32'
Mono config path = 'C:/Program Files/Unity/Hub/Editor/2022.3.1f1/Editor/Data/MonoBleedingEdge/etc'
Using monoOptions --debugger-agent=transport=dt_socket,embedding=1,server=y,suspend=n,address=127.0.0.1:56256
Begin MonoManager ReloadAssembly
Registering precompiled unity dll's ...
Register platform support module: C:/Program Files/Unity/Hub/Editor/2022.3.1f1/Editor/Data/PlaybackEngines/WindowsStandaloneSupport/UnityEditor.WindowsStandalone.Extensions.dll
Registered in 0.005870 seconds.
- Loaded All Assemblies, in  0.313 seconds
Native extension for WindowsStandalone target not found
Mono: successfully reloaded assembly
- Finished resetting the current domain, in  0.260 seconds
Domain Reload Profiling: 572ms
	BeginReloadAssembly (76ms)
		ExecutionOrderSort (0ms)
		DisableScriptedObjects (0ms)
		BackupInstance (0ms)
		ReleaseScriptingObjects (0ms)
		CreateAndSetChildDomain (1ms)
	RebuildCommonClasses (33ms)
	RebuildNativeTypeToScriptingClass (10ms)
	initialDomainReloadingComplete (57ms)
	LoadAllAssembliesAndSetupDomain (135ms)
		LoadAssemblies (74ms)
		RebuildTransferFunctionScriptingTraits (0ms)
		AnalyzeDomain (132ms)
			TypeCache.Refresh (131ms)
				TypeCache.ScanAssembly (120ms)
			ScanForSourceGeneratedMonoScriptInfo (0ms)
			ResolveRequiredComponents (0ms)
	FinalizeReload (260ms)
		ReleaseScriptCaches (0ms)
		RebuildScriptCaches (0ms)
		SetupLoadedEditorAssemblies (197ms)
			LogAssemblyErrors (0ms)
			InitializePlatformSupportModulesInManaged (8ms)
			SetLoadedEditorAssemblies (8ms)
			RefreshPlugins (0ms)
			BeforeProcessingInitializeOnLoad (2ms)
			ProcessInitializeOnLoadAttributes (134ms)
			ProcessInitializeOnLoadMethodAttributes (45ms)
			AfterProcessingInitializeOnLoad (0ms)
			EditorAssembliesLoaded (0ms)
		ExecutionOrderSort2 (0ms)
		AwakeInstancesAfterBackupRestoration (0ms)
========================================================================
Worker process is ready to serve import requests
Begin MonoManager ReloadAssembly
Symbol file LoadedFromMemory doesn't match image C:\Users\sena-\OneDrive\Masaüstü\U-129\Unity-129\Library\PackageCache\com.unity.visualscripting@1.8.0\Editor\VisualScripting.Core\Dependencies\YamlDotNet\Unity.VisualScripting.YamlDotNet.dll
Symbol file LoadedFromMemory doesn't match image C:\Users\sena-\OneDrive\Masaüstü\U-129\Unity-129\Library\PackageCache\com.unity.visualscripting@1.8.0\Editor\VisualScripting.Core\Dependencies\DotNetZip\Unity.VisualScripting.IonicZip.dll
- Loaded All Assemblies, in  0.626 seconds
Refreshing native plugins compatible for Editor in 2.61 ms, found 3 plugins.
OnLevelWasLoaded was found on RestartScene
This message has been deprecated and will be removed in a later version of Unity.
Add a delegate to SceneManager.sceneLoaded instead to get notifications after scene loading has completed
Native extension for WindowsStandalone target not found
Mono: successfully reloaded assembly
- Finished resetting the current domain, in  0.469 seconds
Domain Reload Profiling: 1094ms
	BeginReloadAssembly (124ms)
		ExecutionOrderSort (0ms)
		DisableScriptedObjects (5ms)
		BackupInstance (0ms)
		ReleaseScriptingObjects (0ms)
		CreateAndSetChildDomain (21ms)
	RebuildCommonClasses (31ms)
	RebuildNativeTypeToScriptingClass (9ms)
	initialDomainReloadingComplete (39ms)
	LoadAllAssembliesAndSetupDomain (421ms)
		LoadAssemblies (230ms)
		RebuildTransferFunctionScriptingTraits (0ms)
		AnalyzeDomain (252ms)
			TypeCache.Refresh (237ms)
				TypeCache.ScanAssembly (225ms)
			ScanForSourceGeneratedMonoScriptInfo (12ms)
			ResolveRequiredComponents (3ms)
	FinalizeReload (469ms)
		ReleaseScriptCaches (0ms)
		RebuildScriptCaches (0ms)
		SetupLoadedEditorAssemblies (341ms)
			LogAssemblyErrors (0ms)
			InitializePlatformSupportModulesInManaged (4ms)
			SetLoadedEditorAssemblies (4ms)
			RefreshPlugins (0ms)
			BeforeProcessingInitializeOnLoad (57ms)
			ProcessInitializeOnLoadAttributes (251ms)
			ProcessInitializeOnLoadMethodAttributes (19ms)
			AfterProcessingInitializeOnLoad (4ms)
			EditorAssembliesLoaded (0ms)
		ExecutionOrderSort2 (0ms)
		AwakeInstancesAfterBackupRestoration (6ms)
Launched and connected shader compiler UnityShaderCompiler.exe after 0.05 seconds
Refreshing native plugins compatible for Editor in 2.59 ms, found 3 plugins.
Preloading 0 native plugins for Editor in 0.00 ms.
Unloading 3095 Unused Serialized files (Serialized files now loaded: 0)
Unloading 31 unused Assets / (56.4 KB). Loaded Objects now: 3563.
Memory consumption went from 121.0 MB to 121.0 MB.
Total: 2.960200 ms (FindLiveObjects: 0.220900 ms CreateObjectMapping: 0.197200 ms MarkObjects: 2.422200 ms  DeleteObjects: 0.117800 ms)

AssetImportParameters requested are different than current active one (requested -> active):
  custom:container-demuxer-ogg: 62fdf1f143b41e24485cea50d1cbac27 -> 
  custom:video-codec-MediaFoundation-h265: 746d11721c4dcdbdad8f713fa42b33f4 -> 
  custom:video-decoder-ogg-theora: a1e56fd34408186e4bbccfd4996cb3dc -> 
  custom:framework-win-MediaFoundation: 216162199b28c13a410421893ffa2e32 -> 
  custom:container-demuxer-webm: 4f35f7cbe854078d1ac9338744f61a02 -> 
  custom:container-muxer-webm: aa71ff27fc2769a1b78a27578f13a17b -> 
  custom:video-decoder-webm-vp8: 9c59270c3fd7afecdb556c50c9e8de78 -> 
  custom:AudioImporter_EditorPlatform: d09bf68614088b80899f8185d706f6e7 -> 
  custom:video-encoder-webm-vp8: eb34c28f22e8b96e1ab97ce403110664 -> 
  custom:audio-decoder-ogg-vorbis: bf7c407c2cedff20999df2af8eb42d56 -> 
  custom:audio-encoder-webm-vorbis: bf7c407c2cedff20999df2af8eb42d56 -> 
========================================================================
Received Import Request.
  Time since last request: 156706.928989 seconds.
  path: Assets/YENİYENİYENİ/Animations
  artifactKey: Guid(eca7d6913464c7146acbd9e88d5fb7cc) Importer(815301076,1909f56bfc062723c751e8b465ee728b)
Start importing Assets/YENİYENİYENİ/Animations using Guid(eca7d6913464c7146acbd9e88d5fb7cc) Importer(815301076,1909f56bfc062723c751e8b465ee728b)  -> (artifact id: 'bd0dae55e5153ffa5b5f6c81f9af0cd1') in 0.005358 seconds
Number of updated asset objects reloaded before import = 0
Number of asset objects unloaded after import = 0
========================================================================
Received Import Request.
  Time since last request: 0.040712 seconds.
  path: Assets/YENİYENİYENİ/Animations/Vanguard By T. Choonyung@Breathing Idle.fbx
  artifactKey: Guid(ef8a5b5389a24474cabb66ecea3bba24) Importer(815301076,1909f56bfc062723c751e8b465ee728b)
Start importing Assets/YENİYENİYENİ/Animations/Vanguard By T. Choonyung@Breathing Idle.fbx using Guid(ef8a5b5389a24474cabb66ecea3bba24) Importer(815301076,1909f56bfc062723c751e8b465ee728b)  -> (artifact id: 'd3ab8212dabb93c0d65a97de0346cc64') in 0.042205 seconds
Number of updated asset objects reloaded before import = 0
Number of asset objects unloaded after import = 135
========================================================================
Received Import Request.
  Time since last request: 1.968926 seconds.
  path: Assets/YENİYENİYENİ/Models
  artifactKey: Guid(e7e14bb862a9084459e1859195d19abc) Importer(815301076,1909f56bfc062723c751e8b465ee728b)
Start importing Assets/YENİYENİYENİ/Models using Guid(e7e14bb862a9084459e1859195d19abc) Importer(815301076,1909f56bfc062723c751e8b465ee728b)  -> (artifact id: '30674f433c8d08cc5d153c378e34e448') in 0.002516 seconds
Number of updated asset objects reloaded before import = 0
Number of asset objects unloaded after import = 0
========================================================================
Received Import Request.
  Time since last request: 0.063836 seconds.
  path: Assets/YENİYENİYENİ/Models/Vanguard By T. Choonyung.fbx
  artifactKey: Guid(7faa08c38078a2d4cbebdc5ea96c80bb) Importer(815301076,1909f56bfc062723c751e8b465ee728b)
Start importing Assets/YENİYENİYENİ/Models/Vanguard By T. Choonyung.fbx using Guid(7faa08c38078a2d4cbebdc5ea96c80bb) Importer(815301076,1909f56bfc062723c751e8b465ee728b)  -> (artifact id: '79dafd7f9e7e860bc5531a3887510bcc') in 0.416712 seconds
Number of updated asset objects reloaded before import = 0
Number of asset objects unloaded after import = 149
========================================================================
Received Import Request.
  Time since last request: 1.641701 seconds.
  path: Assets/YENİYENİYENİ/Scripts
  artifactKey: Guid(779cabc6740c2894eaff2c10340db40e) Importer(815301076,1909f56bfc062723c751e8b465ee728b)
Start importing Assets/YENİYENİYENİ/Scripts using Guid(779cabc6740c2894eaff2c10340db40e) Importer(815301076,1909f56bfc062723c751e8b465ee728b)  -> (artifact id: '48540e65d4b4017ad50f0681a93efb62') in 0.001988 seconds
Number of updated asset objects reloaded before import = 0
Number of asset objects unloaded after import = 0
========================================================================
Received Import Request.
  Time since last request: 1.736904 seconds.
  path: Assets/YENİYENİYENİ/Textures
  artifactKey: Guid(ef3ce64b6d4226347b9b7332404cb5f9) Importer(815301076,1909f56bfc062723c751e8b465ee728b)
Start importing Assets/YENİYENİYENİ/Textures using Guid(ef3ce64b6d4226347b9b7332404cb5f9) Importer(815301076,1909f56bfc062723c751e8b465ee728b)  -> (artifact id: '0a3abd114624a3b303312e5ac7067957') in 0.000798 seconds
Number of updated asset objects reloaded before import = 0
Number of asset objects unloaded after import = 0
========================================================================
Received Import Request.
  Time since last request: 0.060714 seconds.
  path: Assets/YENİYENİYENİ/Textures/vanguard_diffuse1.png
  artifactKey: Guid(9690e63001ecfff41bcccb026c325797) Importer(815301076,1909f56bfc062723c751e8b465ee728b)
Start importing Assets/YENİYENİYENİ/Textures/vanguard_diffuse1.png using Guid(9690e63001ecfff41bcccb026c325797) Importer(815301076,1909f56bfc062723c751e8b465ee728b)  -> (artifact id: '66c08f9fcfe77f31dca1e2adb34c3257') in 0.049172 seconds
Number of updated asset objects reloaded before import = 0
Number of asset objects unloaded after import = 2
========================================================================
Received Import Request.
  Time since last request: 1.462225 seconds.
  path: Assets/YENİYENİYENİ/Yeni Karakter
  artifactKey: Guid(e89fa3424a530444d8cec45704225364) Importer(815301076,1909f56bfc062723c751e8b465ee728b)
Start importing Assets/YENİYENİYENİ/Yeni Karakter using Guid(e89fa3424a530444d8cec45704225364) Importer(815301076,1909f56bfc062723c751e8b465ee728b)  -> (artifact id: '68fe8198b3dc78bd6a59b18532b8be0c') in 0.001266 seconds
Number of updated asset objects reloaded before import = 0
Number of asset objects unloaded after import = 0
========================================================================
Received Import Request.
  Time since last request: 0.056978 seconds.
  path: Assets/YENİYENİYENİ/Yeni Karakter/Vanguard By T. Choonyung.fbx
  artifactKey: Guid(3334fa4f89d3ed5448562761459f36b0) Importer(815301076,1909f56bfc062723c751e8b465ee728b)
Start importing Assets/YENİYENİYENİ/Yeni Karakter/Vanguard By T. Choonyung.fbx using Guid(3334fa4f89d3ed5448562761459f36b0) Importer(815301076,1909f56bfc062723c751e8b465ee728b)  -> (artifact id: 'e8191a45446bd5ad181397bdf873d259') in 0.095019 seconds
Number of updated asset objects reloaded before import = 0
Number of asset objects unloaded after import = 149
========================================================================
Received Import Request.
  Time since last request: 37.269279 seconds.
  path: Assets/Scenes/ui-finish-scene.unity
  artifactKey: Guid(431416af0fcdbc94ea8718e8ecbab9d6) Importer(815301076,1909f56bfc062723c751e8b465ee728b)
Start importing Assets/Scenes/ui-finish-scene.unity using Guid(431416af0fcdbc94ea8718e8ecbab9d6) Importer(815301076,1909f56bfc062723c751e8b465ee728b)  -> (artifact id: 'f1ddf53c43671407a0afb44735637a08') in 0.000980 seconds
Number of updated asset objects reloaded before import = 0
Number of asset objects unloaded after import = 0
========================================================================
Received Import Request.
  Time since last request: 8.144716 seconds.
  path: Assets/Scenes/ui-scene.unity
  artifactKey: Guid(c5254031221b49f4a8d888d8dd23931c) Importer(815301076,1909f56bfc062723c751e8b465ee728b)
Start importing Assets/Scenes/ui-scene.unity using Guid(c5254031221b49f4a8d888d8dd23931c) Importer(815301076,1909f56bfc062723c751e8b465ee728b)  -> (artifact id: '35afa36096b037cc12642a52a80b086a') in 0.002609 seconds
Number of updated asset objects reloaded before import = 0
Number of asset objects unloaded after import = 0
========================================================================
Received Prepare
Begin MonoManager ReloadAssembly
Symbol file LoadedFromMemory doesn't match image C:\Users\sena-\OneDrive\Masaüstü\U-129\Unity-129\Library\PackageCache\com.unity.visualscripting@1.8.0\Editor\VisualScripting.Core\Dependencies\YamlDotNet\Unity.VisualScripting.YamlDotNet.dll
Symbol file LoadedFromMemory doesn't match image C:\Users\sena-\OneDrive\Masaüstü\U-129\Unity-129\Library\PackageCache\com.unity.visualscripting@1.8.0\Editor\VisualScripting.Core\Dependencies\DotNetZip\Unity.VisualScripting.IonicZip.dll
- Loaded All Assemblies, in  0.830 seconds
Refreshing native plugins compatible for Editor in 3.50 ms, found 3 plugins.
Native extension for WindowsStandalone target not found
Mono: successfully reloaded assembly
- Finished resetting the current domain, in  0.914 seconds
Domain Reload Profiling: 1741ms
	BeginReloadAssembly (172ms)
		ExecutionOrderSort (0ms)
		DisableScriptedObjects (5ms)
		BackupInstance (0ms)
		ReleaseScriptingObjects (0ms)
		CreateAndSetChildDomain (47ms)
	RebuildCommonClasses (34ms)
	RebuildNativeTypeToScriptingClass (10ms)
	initialDomainReloadingComplete (33ms)
	LoadAllAssembliesAndSetupDomain (578ms)
		LoadAssemblies (276ms)
		RebuildTransferFunctionScriptingTraits (0ms)
		AnalyzeDomain (376ms)
			TypeCache.Refresh (372ms)
				TypeCache.ScanAssembly (359ms)
			ScanForSourceGeneratedMonoScriptInfo (0ms)
			ResolveRequiredComponents (4ms)
	FinalizeReload (914ms)
		ReleaseScriptCaches (0ms)
		RebuildScriptCaches (0ms)
		SetupLoadedEditorAssemblies (382ms)
			LogAssemblyErrors (0ms)
			InitializePlatformSupportModulesInManaged (5ms)
			SetLoadedEditorAssemblies (5ms)
			RefreshPlugins (0ms)
			BeforeProcessingInitializeOnLoad (65ms)
			ProcessInitializeOnLoadAttributes (274ms)
			ProcessInitializeOnLoadMethodAttributes (24ms)
			AfterProcessingInitializeOnLoad (8ms)
			EditorAssembliesLoaded (0ms)
		ExecutionOrderSort2 (0ms)
		AwakeInstancesAfterBackupRestoration (9ms)
OnLevelWasLoaded was found on RestartScene
This message has been deprecated and will be removed in a later version of Unity.
Add a delegate to SceneManager.sceneLoaded instead to get notifications after scene loading has completed
Refreshing native plugins compatible for Editor in 2.53 ms, found 3 plugins.
Preloading 0 native plugins for Editor in 0.00 ms.
Unloading 3074 Unused Serialized files (Serialized files now loaded: 0)
Unloading 22 unused Assets / (30.6 KB). Loaded Objects now: 3612.
Memory consumption went from 123.2 MB to 123.2 MB.
Total: 3.507500 ms (FindLiveObjects: 0.366600 ms CreateObjectMapping: 0.371000 ms MarkObjects: 2.717500 ms  DeleteObjects: 0.051000 ms)

Prepare: number of updated asset objects reloaded= 0
AssetImportParameters requested are different than current active one (requested -> active):
  custom:container-demuxer-ogg: 62fdf1f143b41e24485cea50d1cbac27 -> 
  custom:video-codec-MediaFoundation-h265: 746d11721c4dcdbdad8f713fa42b33f4 -> 
  custom:video-decoder-ogg-theora: a1e56fd34408186e4bbccfd4996cb3dc -> 
  custom:framework-win-MediaFoundation: 216162199b28c13a410421893ffa2e32 -> 
  custom:container-demuxer-webm: 4f35f7cbe854078d1ac9338744f61a02 -> 
  custom:container-muxer-webm: aa71ff27fc2769a1b78a27578f13a17b -> 
  custom:video-decoder-webm-vp8: 9c59270c3fd7afecdb556c50c9e8de78 -> 
  custom:AudioImporter_EditorPlatform: d09bf68614088b80899f8185d706f6e7 -> 
  custom:video-encoder-webm-vp8: eb34c28f22e8b96e1ab97ce403110664 -> 
  custom:audio-decoder-ogg-vorbis: bf7c407c2cedff20999df2af8eb42d56 -> 
  custom:audio-encoder-webm-vorbis: bf7c407c2cedff20999df2af8eb42d56 -> 
========================================================================
Received Import Request.
  Time since last request: 112.559694 seconds.
  path: Assets/YENİYENİYENİ/Anahtar Deneme Sahnesi.unity
  artifactKey: Guid(0e496443a422d754a824ab252b0a9a6f) Importer(815301076,1909f56bfc062723c751e8b465ee728b)
Start importing Assets/YENİYENİYENİ/Anahtar Deneme Sahnesi.unity using Guid(0e496443a422d754a824ab252b0a9a6f) Importer(815301076,1909f56bfc062723c751e8b465ee728b)  -> (artifact id: '6c4a0ec270ced4c501909ce48ba683b0') in 0.002002 seconds
Number of updated asset objects reloaded before import = 0
Number of asset objects unloaded after import = 0
